3/19/2020 10:59:08 AM|Wait for client...

3/19/2020 10:59:14 AM|Accept Connection Error

3/19/2020 10:59:33 AM|Wait for client...

3/19/2020 10:59:37 AM|Accept Connection Error

3/19/2020 10:59:44 AM|Wait for client...

3/19/2020 10:59:46 AM|Accept Connection Error

3/19/2020 11:00:14 AM|Wait for client...

3/19/2020 11:00:18 AM|Accept Connection Error

3/19/2020 11:01:10 AM|Wait for client...

3/19/2020 11:01:12 AM|Accept Connection Error

3/19/2020 11:01:58 AM|Wait for client...

3/19/2020 11:02:04 AM|Accept Connection Error

3/19/2020 11:02:49 AM|Wait for client...

3/19/2020 11:02:53 AM|Accept Connection Error

3/19/2020 11:05:25 AM|Wait for client...

3/19/2020 11:05:26 AM|Wait for client...

3/19/2020 11:05:26 AM|Connected from 192.168.25.168:41370. 1 active clients

3/19/2020 11:06:40 AM|Wait for client...

3/19/2020 11:06:44 AM|Accept Connection Error

3/19/2020 11:06:52 AM|Wait for client...

3/19/2020 11:06:54 AM|Wait for client...

3/19/2020 11:06:54 AM|Connected from 192.168.25.168:41450. 1 active clients

3/19/2020 11:07:28 AM|Wait for client...

3/19/2020 11:07:29 AM|Wait for client...

3/19/2020 11:07:29 AM|Connected from 192.168.25.168:41476. 1 active clients

4/2/2020 12:06:05 PM|Wait for client...

4/2/2020 12:06:05 PM|Wait for client...

4/2/2020 12:06:05 PM|Connected from 192.168.25.168:33686. 1 active clients

4/2/2020 12:07:08 PM|Connected from 192.168.25.150:57192. 2 active clients

4/2/2020 12:07:08 PM|Wait for client...

4/2/2020 12:07:38 PM|Connected from 192.168.25.150:57194. 3 active clients

4/2/2020 12:07:38 PM|Wait for client...

4/2/2020 12:08:06 PM|Wait for client...

4/2/2020 12:08:06 PM|Connected from 192.168.25.150:57226. 4 active clients

4/2/2020 12:08:35 PM|Connected from 192.168.25.150:57234. 5 active clients

4/2/2020 12:08:35 PM|Wait for client...

4/2/2020 12:09:02 PM|Wait for client...

4/2/2020 12:09:02 PM|Connected from 192.168.25.150:57236. 6 active clients

4/2/2020 12:09:28 PM|Wait for client...

4/2/2020 12:09:28 PM|Connected from 192.168.25.150:57238. 7 active clients

4/2/2020 12:09:49 PM|Receive data Error. 6 active clients

4/2/2020 12:09:53 PM|Connected from 192.168.25.150:57244. 7 active clients

4/2/2020 12:09:53 PM|Wait for client...

4/2/2020 12:10:02 PM|Receive data Error. 6 active clients

4/2/2020 12:10:17 PM|Connected from 192.168.25.150:57246. 7 active clients

4/2/2020 12:10:17 PM|Wait for client...

4/2/2020 12:10:42 PM|Wait for client...

4/2/2020 12:10:42 PM|Connected from 192.168.25.150:57258. 8 active clients

4/2/2020 12:10:59 PM|Connected from 192.168.25.168:33764. 9 active clients

4/2/2020 12:10:59 PM|Wait for client...

4/2/2020 12:14:37 PM|No data read, remote disconnect?, 8 active clients

4/2/2020 12:14:40 PM|No data read, remote disconnect?, 7 active clients

4/2/2020 12:15:34 PM|No data read, remote disconnect?, 6 active clients

4/2/2020 12:15:51 PM|No data read, remote disconnect?, 5 active clients

4/2/2020 12:15:59 PM|No data read, remote disconnect?, 4 active clients

4/2/2020 12:16:08 PM|No data read, remote disconnect?, 3 active clients

4/2/2020 12:17:04 PM|Receive data Error. 2 active clients

4/2/2020 12:17:18 PM|Wait for client...

4/2/2020 12:17:43 PM|Wait for client...

4/2/2020 12:17:43 PM|Connected from 192.168.25.168:33836. 1 active clients

4/2/2020 12:20:18 PM|Connected from 192.168.25.168:33842. 2 active clients

4/2/2020 12:20:21 PM|Wait for client...

4/2/2020 12:39:55 PM|No data read, remote disconnect?, 1 active clients

4/2/2020 12:49:51 PM|Wait for client...

4/2/2020 12:50:18 PM|Wait for client...

4/2/2020 12:50:18 PM|Connected from 192.168.25.168:34086. 1 active clients

4/2/2020 1:02:03 PM|No data read, remote disconnect?, 0 active clients

4/2/2020 1:02:50 PM|Wait for client...

4/2/2020 1:02:50 PM|Connected from 192.168.25.168:34174. 1 active clients

